<?xml version="1.0" encoding="UTF-8"?>
<testng-results ignored="0" total="1" passed="1" failed="0" skipped="0">
  <reporter-output>
  </reporter-output>
  <suite started-at="2023-12-05T21:28:09 IST" name="Default Suite" finished-at="2023-12-05T21:28:20 IST" duration-ms="10961">
    <groups>
    </groups>
    <test started-at="2023-12-05T21:28:09 IST" name="test" finished-at="2023-12-05T21:28:20 IST" duration-ms="10961">
      <class name="SearchTest">
        <test-method is-config="true" signature="setUp()[pri:0, instance:SearchTest@38aa816f]" started-at="2023-12-05T21:28:09 IST" name="setUp" finished-at="2023-12-05T21:28:13 IST" duration-ms="3482" status="PASS">
          <reporter-output>
          </reporter-output>
        </test-method> <!-- setUp -->
        <test-method signature="searchTest()[pri:0, instance:SearchTest@38aa816f]" started-at="2023-12-05T21:28:13 IST" name="searchTest" finished-at="2023-12-05T21:28:20 IST" duration-ms="6956" status="PASS">
          <reporter-output>
          </reporter-output>
        </test-method> <!-- searchTest -->
        <test-method is-config="true" signature="tearDown()[pri:0, instance:SearchTest@38aa816f]" started-at="2023-12-05T21:28:20 IST" name="tearDown" finished-at="2023-12-05T21:28:20 IST" duration-ms="493" status="PASS">
          <reporter-output>
          </reporter-output>
        </test-method> <!-- tearDown -->
      </class> <!-- SearchTest -->
    </test> <!-- test -->
  </suite> <!-- Default Suite -->
</testng-results>
